<?xml version="1.0" encoding="UTF-8"?>
<testsuite name="com.example.vendorservice.service.VendorServiceTest" tests="1" skipped="0" failures="0" errors="0" timestamp="2023-04-04T08:23:31" hostname="hg275-MackBookAirlocal.local" time="0.188">
  <properties/>
  <testcase name="vendorServiceTest()" classname="com.example.vendorservice.service.VendorServiceTest" time="0.188"/>
  <system-out><![CDATA[17:23:31.287 [Test worker] DEBUG org.springframework.test.context.BootstrapUtils - Instantiating CacheAwareContextLoaderDelegate from class [org.springframework.test.context.cache.DefaultCacheAwareContextLoaderDelegate]
17:23:31.294 [Test worker] DEBUG org.springframework.test.context.BootstrapUtils - Instantiating BootstrapContext using constructor [public org.springframework.test.context.support.DefaultBootstrapContext(java.lang.Class,org.springframework.test.context.CacheAwareContextLoaderDelegate)]
17:23:31.311 [Test worker] DEBUG org.springframework.test.context.BootstrapUtils - Instantiating TestContextBootstrapper for test class [com.example.vendorservice.service.VendorServiceTest] from class [org.springframework.boot.test.context.SpringBootTestContextBootstrapper]
17:23:31.319 [Test worker] INFO org.springframework.boot.test.context.SpringBootTestContextBootstrapper - Neither @ContextConfiguration nor @ContextHierarchy found for test class [com.example.vendorservice.service.VendorServiceTest], using SpringBootContextLoader
17:23:31.322 [Test worker] DEBUG org.springframework.test.context.support.AbstractContextLoader - Did not detect default resource location for test class [com.example.vendorservice.service.VendorServiceTest]: class path resource [com/example/vendorservice/service/VendorServiceTest-context.xml] does not exist
17:23:31.322 [Test worker] DEBUG org.springframework.test.context.support.AbstractContextLoader - Did not detect default resource location for test class [com.example.vendorservice.service.VendorServiceTest]: class path resource [com/example/vendorservice/service/VendorServiceTestContext.groovy] does not exist
17:23:31.322 [Test worker] INFO org.springframework.test.context.support.AbstractContextLoader - Could not detect default resource locations for test class [com.example.vendorservice.service.VendorServiceTest]: no resource found for suffixes {-context.xml, Context.groovy}.
17:23:31.322 [Test worker] INFO org.springframework.test.context.support.AnnotationConfigContextLoaderUtils - Could not detect default configuration classes for test class [com.example.vendorservice.service.VendorServiceTest]: VendorServiceTest does not declare any static, non-private, non-final, nested classes annotated with @Configuration.
17:23:31.343 [Test worker] DEBUG org.springframework.test.context.support.ActiveProfilesUtils - Could not find an 'annotation declaring class' for annotation type [org.springframework.test.context.ActiveProfiles] and class [com.example.vendorservice.service.VendorServiceTest]
17:23:31.375 [Test worker] DEBUG org.springframework.context.annotation.ClassPathScanningCandidateComponentProvider - Identified candidate component class: file [/Users/jeffreywoo/Workspace/ymwoo88/vendor-service/build/classes/java/main/com/example/vendorservice/VendorServiceApplication.class]
17:23:31.376 [Test worker] INFO org.springframework.boot.test.context.SpringBootTestContextBootstrapper - Found @SpringBootConfiguration com.example.vendorservice.VendorServiceApplication for test class com.example.vendorservice.service.VendorServiceTest
17:23:31.421 [Test worker] DEBUG org.springframework.boot.test.context.SpringBootTestContextBootstrapper - @TestExecutionListeners is not present for class [com.example.vendorservice.service.VendorServiceTest]: using defaults.
17:23:31.422 [Test worker] INFO org.springframework.boot.test.context.SpringBootTestContextBootstrapper - Loaded default TestExecutionListener class names from location [META-INF/spring.factories]: [org.springframework.boot.test.autoconfigure.restdocs.RestDocsTestExecutionListener, org.springframework.boot.test.autoconfigure.web.client.MockRestServiceServerResetTestExecutionListener, org.springframework.boot.test.autoconfigure.web.servlet.MockMvcPrintOnlyOnFailureTestExecutionListener, org.springframework.boot.test.autoconfigure.web.servlet.WebDriverTestExecutionListener, org.springframework.boot.test.autoconfigure.webservices.client.MockWebServiceServerTestExecutionListener, org.springframework.boot.test.mock.mockito.MockitoTestExecutionListener, org.springframework.boot.test.mock.mockito.ResetMocksTestExecutionListener, org.springframework.test.context.web.ServletTestExecutionListener, org.springframework.test.context.support.DirtiesContextBeforeModesTestExecutionListener, org.springframework.test.context.event.ApplicationEventsTestExecutionListener, org.springframework.test.context.support.DependencyInjectionTestExecutionListener, org.springframework.test.context.support.DirtiesContextTestExecutionListener, org.springframework.test.context.transaction.TransactionalTestExecutionListener, org.springframework.test.context.jdbc.SqlScriptsTestExecutionListener, org.springframework.test.context.event.EventPublishingTestExecutionListener]
17:23:31.427 [Test worker] DEBUG org.springframework.boot.test.context.SpringBootTestContextBootstrapper - Skipping candidate TestExecutionListener [org.springframework.test.context.web.ServletTestExecutionListener] due to a missing dependency. Specify custom listener classes or make the default listener classes and their required dependencies available. Offending class: [javax/servlet/ServletContext]
17:23:31.428 [Test worker] DEBUG org.springframework.boot.test.context.SpringBootTestContextBootstrapper - Skipping candidate TestExecutionListener [org.springframework.test.context.transaction.TransactionalTestExecutionListener] due to a missing dependency. Specify custom listener classes or make the default listener classes and their required dependencies available. Offending class: [org/springframework/transaction/interceptor/TransactionAttributeSource]
17:23:31.428 [Test worker] DEBUG org.springframework.boot.test.context.SpringBootTestContextBootstrapper - Skipping candidate TestExecutionListener [org.springframework.test.context.jdbc.SqlScriptsTestExecutionListener] due to a missing dependency. Specify custom listener classes or make the default listener classes and their required dependencies available. Offending class: [org/springframework/transaction/interceptor/TransactionAttribute]
17:23:31.429 [Test worker] INFO org.springframework.boot.test.context.SpringBootTestContextBootstrapper - Using TestExecutionListeners: [org.springframework.test.context.support.DirtiesContextBeforeModesTestExecutionListener@fff25f1, org.springframework.test.context.event.ApplicationEventsTestExecutionListener@c00fff0, org.springframework.boot.test.mock.mockito.MockitoTestExecutionListener@263f04ca, org.springframework.boot.test.autoconfigure.SpringBootDependencyInjectionTestExecutionListener@2ca47471, org.springframework.test.context.support.DirtiesContextTestExecutionListener@5a021cb9, org.springframework.test.context.event.EventPublishingTestExecutionListener@51768776, org.springframework.boot.test.autoconfigure.restdocs.RestDocsTestExecutionListener@f31c0c6, org.springframework.boot.test.autoconfigure.web.client.MockRestServiceServerResetTestExecutionListener@b93aad, org.springframework.boot.test.autoconfigure.web.servlet.MockMvcPrintOnlyOnFailureTestExecutionListener@4a9419d7, org.springframework.boot.test.autoconfigure.web.servlet.WebDriverTestExecutionListener@2f3c6ac4, org.springframework.boot.test.autoconfigure.webservices.client.MockWebServiceServerTestExecutionListener@2e8ab815, org.springframework.boot.test.mock.mockito.ResetMocksTestExecutionListener@67af833b]
17:23:31.430 [Test worker] DEBUG org.springframework.test.context.support.AbstractDirtiesContextTestExecutionListener - Before test class: context [DefaultTestContext@50305a testClass = VendorServiceTest, testInstance = [null], testMethod = [null], testException = [null], mergedContextConfiguration = [MergedContextConfiguration@72efb5c1 testClass = VendorServiceTest, locations = '{}', classes = '{class com.example.vendorservice.VendorServiceApplication}', contextInitializerClasses = '[]', activeProfiles = '{}', propertySourceLocations = '{}', propertySourceProperties = '{org.springframework.boot.test.context.SpringBootTestContextBootstrapper=true}', contextCustomizers = set[org.springframework.boot.test.autoconfigure.actuate.metrics.MetricsExportContextCustomizerFactory$DisableMetricExportContextCustomizer@4b7e96a, org.springframework.boot.test.autoconfigure.properties.PropertyMappingContextCustomizer@0, org.springframework.boot.test.autoconfigure.web.servlet.WebDriverContextCustomizerFactory$Customizer@1522d8a0, org.springframework.boot.test.context.filter.ExcludeFilterContextCustomizer@4351c8c3, org.springframework.boot.test.json.DuplicateJsonObjectContextCustomizerFactory$DuplicateJsonObjectContextCustomizer@625abb97, org.springframework.boot.test.mock.mockito.MockitoContextCustomizer@0, org.springframework.boot.test.web.client.TestRestTemplateContextCustomizer@17a87e37, org.springframework.boot.test.context.SpringBootTestArgs@1, org.springframework.boot.test.context.SpringBootTestWebEnvironment@147e2ae7], contextLoader = 'org.springframework.boot.test.context.SpringBootContextLoader', parent = [null]], attributes = map[[empty]]], class annotated with @DirtiesContext [false] with mode [null].
17:23:31.437 [Test worker] DEBUG org.springframework.test.context.support.DependencyInjectionTestExecutionListener - Performing dependency injection for test context [[DefaultTestContext@50305a testClass = VendorServiceTest, testInstance = com.example.vendorservice.service.VendorServiceTest@24f43aa3, testMethod = [null], testException = [null], mergedContextConfiguration = [MergedContextConfiguration@72efb5c1 testClass = VendorServiceTest, locations = '{}', classes = '{class com.example.vendorservice.VendorServiceApplication}', contextInitializerClasses = '[]', activeProfiles = '{}', propertySourceLocations = '{}', propertySourceProperties = '{org.springframework.boot.test.context.SpringBootTestContextBootstrapper=true}', contextCustomizers = set[org.springframework.boot.test.autoconfigure.actuate.metrics.MetricsExportContextCustomizerFactory$DisableMetricExportContextCustomizer@4b7e96a, org.springframework.boot.test.autoconfigure.properties.PropertyMappingContextCustomizer@0, org.springframework.boot.test.autoconfigure.web.servlet.WebDriverContextCustomizerFactory$Customizer@1522d8a0, org.springframework.boot.test.context.filter.ExcludeFilterContextCustomizer@4351c8c3, org.springframework.boot.test.json.DuplicateJsonObjectContextCustomizerFactory$DuplicateJsonObjectContextCustomizer@625abb97, org.springframework.boot.test.mock.mockito.MockitoContextCustomizer@0, org.springframework.boot.test.web.client.TestRestTemplateContextCustomizer@17a87e37, org.springframework.boot.test.context.SpringBootTestArgs@1, org.springframework.boot.test.context.SpringBootTestWebEnvironment@147e2ae7], contextLoader = 'org.springframework.boot.test.context.SpringBootContextLoader', parent = [null]], attributes = map['org.springframework.test.context.event.ApplicationEventsTestExecutionListener.recordApplicationEvents' -> false]]].

  .   ____          _            __ _ _
 /\\ / ___'_ __ _ _(_)_ __  __ _ \ \ \ \
( ( )\___ | '_ | '_| | '_ \/ _` | \ \ \ \
 \\/  ___)| |_)| | | | | || (_| |  ) ) ) )
  '  |____| .__|_| |_|_| |_\__, | / / / /
 =========|_|==============|___/=/_/_/_/
 :: Spring Boot ::                (v2.7.8)

2023-04-04 17:23:31.596  INFO 23014 --- [    Test worker] c.e.v.service.VendorServiceTest          : Starting VendorServiceTest using Java 11.0.15 on hg275-MackBookAirlocal.local with PID 23014 (started by jeffreywoo in /Users/jeffreywoo/Workspace/ymwoo88/vendor-service)
2023-04-04 17:23:31.596  INFO 23014 --- [    Test worker] c.e.v.service.VendorServiceTest          : No active profile set, falling back to 1 default profile: "default"
2023-04-04 17:23:31.878  INFO 23014 --- [    Test worker] c.e.v.service.VendorServiceTest          : Started VendorServiceTest in 0.424 seconds (JVM running for 1.034)
2023-04-04 17:23:32.057  INFO 23014 --- [    Test worker] c.e.v.service.VendorServiceTest          :  ==================== [VENDOR][네이버] / [CODE][NAV00] ==================== 
2023-04-04 17:23:32.059  INFO 23014 --- [    Test worker] c.e.v.s.impl.NaverVendorServiceImpl      : [getProductList] >>> #1 naver_product
2023-04-04 17:23:32.059  INFO 23014 --- [    Test worker] c.e.v.s.impl.NaverVendorServiceImpl      : [getProductList] >>> #2 naver_product
2023-04-04 17:23:32.059  INFO 23014 --- [    Test worker] c.e.v.s.impl.NaverVendorServiceImpl      : [getProductList] >>> #3 naver_product
2023-04-04 17:23:32.059  INFO 23014 --- [    Test worker] c.e.v.s.impl.NaverVendorServiceImpl      : [getProductDetail] >>> naver_product_detail
2023-04-04 17:23:32.059  INFO 23014 --- [    Test worker] c.e.v.s.impl.NaverVendorServiceImpl      : [getOptionList] >>> #1 naver_option
2023-04-04 17:23:32.059  INFO 23014 --- [    Test worker] c.e.v.s.impl.NaverVendorServiceImpl      : [getOptionList] >>> #2 naver_option
2023-04-04 17:23:32.059  INFO 23014 --- [    Test worker] c.e.v.s.impl.NaverVendorServiceImpl      : [getOptionList] >>> #3 naver_option
2023-04-04 17:23:32.059  INFO 23014 --- [    Test worker] c.e.v.s.impl.NaverVendorServiceImpl      : [getOptionDetail] >>> naver_option_detail
2023-04-04 17:23:32.059  INFO 23014 --- [    Test worker] c.e.v.s.impl.NaverVendorServiceImpl      : [requestOrder] >>> naver_
2023-04-04 17:23:32.059  INFO 23014 --- [    Test worker] c.e.v.s.impl.NaverVendorServiceImpl      : [completeOrder] >>> naver_
2023-04-04 17:23:32.059  INFO 23014 --- [    Test worker] c.e.v.service.VendorServiceTest          :  ==================== [VENDOR][지마켓] / [CODE][GMK00] ==================== 
2023-04-04 17:23:32.060  INFO 23014 --- [    Test worker] c.e.v.s.impl.GMarketVendorServiceImpl    : [getProductList] >>> #1 gMarket_product
2023-04-04 17:23:32.060  INFO 23014 --- [    Test worker] c.e.v.s.impl.GMarketVendorServiceImpl    : [getProductList] >>> #2 gMarket_product
2023-04-04 17:23:32.060  INFO 23014 --- [    Test worker] c.e.v.s.impl.GMarketVendorServiceImpl    : [getProductList] >>> #3 gMarket_product
2023-04-04 17:23:32.060  INFO 23014 --- [    Test worker] c.e.v.s.impl.GMarketVendorServiceImpl    : [getProductDetail] >>> gMarket_product_detail
2023-04-04 17:23:32.060  INFO 23014 --- [    Test worker] c.e.v.s.impl.GMarketVendorServiceImpl    : [getOptionList] >>> #1 gMarket_option
2023-04-04 17:23:32.060  INFO 23014 --- [    Test worker] c.e.v.s.impl.GMarketVendorServiceImpl    : [getOptionList] >>> #2 gMarket_option
2023-04-04 17:23:32.060  INFO 23014 --- [    Test worker] c.e.v.s.impl.GMarketVendorServiceImpl    : [getOptionList] >>> #3 gMarket_option
2023-04-04 17:23:32.060  INFO 23014 --- [    Test worker] c.e.v.s.impl.GMarketVendorServiceImpl    : [getOptionDetail] >>> gMarket_option_detail
2023-04-04 17:23:32.060  INFO 23014 --- [    Test worker] c.e.v.s.impl.GMarketVendorServiceImpl    : [requestOrder] >>> gMarket_
2023-04-04 17:23:32.060  INFO 23014 --- [    Test worker] c.e.v.s.impl.GMarketVendorServiceImpl    : [completeOrder] >>> gMarket_
2023-04-04 17:23:32.060  INFO 23014 --- [    Test worker] c.e.v.service.VendorServiceTest          :  ==================== [VENDOR][티몬] / [CODE][TMN00] ==================== 
2023-04-04 17:23:32.060  INFO 23014 --- [    Test worker] c.e.v.s.impl.TMonVendorServiceImpl       : [getProductList] >>> #1 tMon_product
2023-04-04 17:23:32.060  INFO 23014 --- [    Test worker] c.e.v.s.impl.TMonVendorServiceImpl       : [getProductList] >>> #2 tMon_product
2023-04-04 17:23:32.061  INFO 23014 --- [    Test worker] c.e.v.s.impl.TMonVendorServiceImpl       : [getProductList] >>> #3 tMon_product
2023-04-04 17:23:32.061  INFO 23014 --- [    Test worker] c.e.v.s.impl.TMonVendorServiceImpl       : [getProductDetail] >>> tMon_product_detail
2023-04-04 17:23:32.061  INFO 23014 --- [    Test worker] c.e.v.s.impl.TMonVendorServiceImpl       : [getOptionList] >>> #1 tMon_option
2023-04-04 17:23:32.061  INFO 23014 --- [    Test worker] c.e.v.s.impl.TMonVendorServiceImpl       : [getOptionList] >>> #2 tMon_option
2023-04-04 17:23:32.061  INFO 23014 --- [    Test worker] c.e.v.s.impl.TMonVendorServiceImpl       : [getOptionList] >>> #3 tMon_option
2023-04-04 17:23:32.061  INFO 23014 --- [    Test worker] c.e.v.s.impl.TMonVendorServiceImpl       : [getOptionDetail] >>> tMon_option_detail
2023-04-04 17:23:32.061  INFO 23014 --- [    Test worker] c.e.v.s.impl.TMonVendorServiceImpl       : [requestOrder] >>> tMon_
2023-04-04 17:23:32.061  INFO 23014 --- [    Test worker] c.e.v.s.impl.TMonVendorServiceImpl       : [completeOrder] >>> tMon_
2023-04-04 17:23:32.061  INFO 23014 --- [    Test worker] c.e.v.service.VendorServiceTest          :  ==================== [VENDOR][위메프] / [CODE][WMP00] ==================== 
2023-04-04 17:23:32.061  INFO 23014 --- [    Test worker] c.e.v.s.i.WeMadePriceVendorServiceImpl   : [getProductList] >>> #1 weMadePrice_product
2023-04-04 17:23:32.062  INFO 23014 --- [    Test worker] c.e.v.s.i.WeMadePriceVendorServiceImpl   : [getProductList] >>> #2 weMadePrice_product
2023-04-04 17:23:32.063  INFO 23014 --- [    Test worker] c.e.v.s.i.WeMadePriceVendorServiceImpl   : [getProductList] >>> #3 weMadePrice_product
2023-04-04 17:23:32.063  INFO 23014 --- [    Test worker] c.e.v.s.i.WeMadePriceVendorServiceImpl   : [getProductDetail] >>> weMadePrice_product_detail
2023-04-04 17:23:32.063  INFO 23014 --- [    Test worker] c.e.v.s.i.WeMadePriceVendorServiceImpl   : [getOptionList] >>> #1 weMadePrice_option
2023-04-04 17:23:32.063  INFO 23014 --- [    Test worker] c.e.v.s.i.WeMadePriceVendorServiceImpl   : [getOptionList] >>> #2 weMadePrice_option
2023-04-04 17:23:32.063  INFO 23014 --- [    Test worker] c.e.v.s.i.WeMadePriceVendorServiceImpl   : [getOptionList] >>> #3 weMadePrice_option
2023-04-04 17:23:32.063  INFO 23014 --- [    Test worker] c.e.v.s.i.WeMadePriceVendorServiceImpl   : [getOptionDetail] >>> weMadePrice_option_detail
2023-04-04 17:23:32.063  INFO 23014 --- [    Test worker] c.e.v.s.i.WeMadePriceVendorServiceImpl   : [requestOrder] >>> weMadePrice_
2023-04-04 17:23:32.063  INFO 23014 --- [    Test worker] c.e.v.s.i.WeMadePriceVendorServiceImpl   : [completeOrder] >>> weMadePrice_
]]></system-out>
  <system-err><![CDATA[]]></system-err>
</testsuite>
